<?xml version="1.0" encoding="UTF-8"?>
<!-- Generated by org.testng.reporters.JUnitXMLReporter -->
<testsuite ignored="1" hostname="FILT111" failures="0" tests="2" name="Manage Company Setting" time="21.383" errors="0" timestamp="2023-08-31T08:43:41 IST">
  <testcase classname="Backend_TestCases.ManageCompanySetting" name="openManageCompanySetting" time="8.16"/>
  <testcase classname="Backend_TestCases.ManageCompanySetting" name="createCompany" time="13.119"/>
  <testcase classname="Backend_TestCases.ManageCompanySetting" name="validateManageCompanySettingPage" time="0.0">
    <ignored/>
  </testcase> <!-- validateManageCompanySettingPage -->
</testsuite> <!-- Manage Company Setting -->
