<?xml version="1.0" encoding="UTF-8"?>
<!-- Generated by org.testng.reporters.JUnitXMLReporter -->
<testsuite ignored="3" hostname="FILT111" failures="0" tests="2" name="Manage Licensee" time="27.12" errors="0" timestamp="2023-08-30T22:11:08 IST">
  <testcase classname="Backend_TestCases.ManageLicensee" name="openManageLicensee" time="7.921"/>
  <testcase classname="Backend_TestCases.ManageLicensee" name="editLicensee" time="19.137"/>
  <testcase classname="Backend_TestCases.ManageLicensee" name="createLicensee" time="0.0">
    <ignored/>
  </testcase> <!-- createLicensee -->
  <testcase classname="Backend_TestCases.ManageLicensee" name="validateManageLicenseePage" time="0.0">
    <ignored/>
  </testcase> <!-- validateManageLicenseePage -->
  <testcase classname="Backend_TestCases.ManageLicensee" name="changeEntriesFilter" time="0.0">
    <ignored/>
  </testcase> <!-- changeEntriesFilter -->
</testsuite> <!-- Manage Licensee -->
