<?xml version="1.0" encoding="UTF-8"?>
<testng-results ignored="0" total="5" passed="5" failed="0" skipped="0">
  <reporter-output>
  </reporter-output>
  <suite started-at="2023-08-31T08:42:47 IST" name="Suite" finished-at="2023-08-31T08:43:41 IST" duration-ms="53505">
    <groups>
    </groups>
    <test started-at="2023-08-31T08:42:47 IST" name="Open Backend" finished-at="2023-08-31T08:43:01 IST" duration-ms="13732">
      <class name="Backend_TestCases.OpenBackend">
        <test-method is-config="true" signature="beforeTest(org.testng.ITestContext)[pri:0, instance:Backend_TestCases.OpenBackend@6a8658ff]" started-at="2023-08-31T08:42:47 IST" name="beforeTest" finished-at="2023-08-31T08:42:47 IST" duration-ms="351" status="PASS">
          <params>
            <param index="0">
              <value>
                <![CDATA[org.testng.TestRunner@3cb173db]]>
              </value>
            </param>
          </params>
          <reporter-output>
          </reporter-output>
        </test-method> <!-- beforeTest -->
        <test-method is-config="true" signature="beforeMethod(org.testng.ITestContext)[pri:0, instance:Backend_TestCases.OpenBackend@6a8658ff]" started-at="2023-08-31T08:42:47 IST" name="beforeMethod" finished-at="2023-08-31T08:42:47 IST" duration-ms="1" status="PASS">
          <params>
            <param index="0">
              <value>
                <![CDATA[org.testng.TestRunner@3cb173db]]>
              </value>
            </param>
          </params>
          <reporter-output>
          </reporter-output>
        </test-method> <!-- beforeMethod -->
        <test-method signature="openBackend()[pri:0, instance:Backend_TestCases.OpenBackend@6a8658ff]" started-at="2023-08-31T08:42:47 IST" name="openBackend" finished-at="2023-08-31T08:43:00 IST" duration-ms="12442" status="PASS">
          <reporter-output>
          </reporter-output>
        </test-method> <!-- openBackend -->
        <test-method is-config="true" signature="afterTest(org.testng.ITestContext)[pri:0, instance:Backend_TestCases.OpenBackend@6a8658ff]" started-at="2023-08-31T08:43:00 IST" name="afterTest" finished-at="2023-08-31T08:43:01 IST" duration-ms="870" status="PASS">
          <params>
            <param index="0">
              <value>
                <![CDATA[org.testng.TestRunner@3cb173db]]>
              </value>
            </param>
          </params>
          <reporter-output>
          </reporter-output>
        </test-method> <!-- afterTest -->
      </class> <!-- Backend_TestCases.OpenBackend -->
    </test> <!-- Open Backend -->
    <test started-at="2023-08-31T08:43:01 IST" name="Login" finished-at="2023-08-31T08:43:19 IST" duration-ms="18359">
      <class name="Backend_TestCases.Login">
        <test-method is-config="true" signature="beforeTest(org.testng.ITestContext)[pri:0, instance:Backend_TestCases.Login@d23e042]" started-at="2023-08-31T08:43:01 IST" name="beforeTest" finished-at="2023-08-31T08:43:01 IST" duration-ms="5" status="PASS">
          <params>
            <param index="0">
              <value>
                <![CDATA[org.testng.TestRunner@26712838]]>
              </value>
            </param>
          </params>
          <reporter-output>
          </reporter-output>
        </test-method> <!-- beforeTest -->
        <test-method is-config="true" signature="beforeMethod(org.testng.ITestContext)[pri:0, instance:Backend_TestCases.Login@d23e042]" started-at="2023-08-31T08:43:01 IST" name="beforeMethod" finished-at="2023-08-31T08:43:01 IST" duration-ms="0" status="PASS">
          <params>
            <param index="0">
              <value>
                <![CDATA[org.testng.TestRunner@26712838]]>
              </value>
            </param>
          </params>
          <reporter-output>
          </reporter-output>
        </test-method> <!-- beforeMethod -->
        <test-method signature="login()[pri:1, instance:Backend_TestCases.Login@d23e042]" started-at="2023-08-31T08:43:01 IST" name="login" finished-at="2023-08-31T08:43:09 IST" duration-ms="8494" status="PASS">
          <reporter-output>
          </reporter-output>
        </test-method> <!-- login -->
        <test-method is-config="true" signature="beforeMethod(org.testng.ITestContext)[pri:0, instance:Backend_TestCases.Login@d23e042]" started-at="2023-08-31T08:43:09 IST" name="beforeMethod" finished-at="2023-08-31T08:43:09 IST" duration-ms="1" status="PASS">
          <params>
            <param index="0">
              <value>
                <![CDATA[org.testng.TestRunner@26712838]]>
              </value>
            </param>
          </params>
          <reporter-output>
          </reporter-output>
        </test-method> <!-- beforeMethod -->
        <test-method signature="selectCompany()[pri:2, instance:Backend_TestCases.Login@d23e042]" started-at="2023-08-31T08:43:09 IST" name="selectCompany" finished-at="2023-08-31T08:43:19 IST" duration-ms="9774" status="PASS">
          <reporter-output>
          </reporter-output>
        </test-method> <!-- selectCompany -->
        <test-method is-config="true" signature="afterTest(org.testng.ITestContext)[pri:0, instance:Backend_TestCases.Login@d23e042]" started-at="2023-08-31T08:43:19 IST" name="afterTest" finished-at="2023-08-31T08:43:19 IST" duration-ms="70" status="PASS">
          <params>
            <param index="0">
              <value>
                <![CDATA[org.testng.TestRunner@26712838]]>
              </value>
            </param>
          </params>
          <reporter-output>
          </reporter-output>
        </test-method> <!-- afterTest -->
      </class> <!-- Backend_TestCases.Login -->
    </test> <!-- Login -->
    <test started-at="2023-08-31T08:43:19 IST" name="Manage Company Setting" finished-at="2023-08-31T08:43:41 IST" duration-ms="21383">
      <class name="Backend_TestCases.ManageCompanySetting">
        <test-method is-config="true" signature="beforeSuite(org.testng.ITestContext)[pri:0, instance:Backend_TestCases.ManageCompanySetting@38145825]" started-at="2023-08-31T08:42:47 IST" name="beforeSuite" finished-at="2023-08-31T08:42:47 IST" duration-ms="220" status="PASS">
          <params>
            <param index="0">
              <value>
                <![CDATA[org.testng.TestRunner@49d979c4]]>
              </value>
            </param>
          </params>
          <reporter-output>
          </reporter-output>
        </test-method> <!-- beforeSuite -->
        <test-method is-config="true" signature="beforeTest(org.testng.ITestContext)[pri:0, instance:Backend_TestCases.ManageCompanySetting@38145825]" started-at="2023-08-31T08:43:19 IST" name="beforeTest" finished-at="2023-08-31T08:43:19 IST" duration-ms="2" status="PASS">
          <params>
            <param index="0">
              <value>
                <![CDATA[org.testng.TestRunner@49d979c4]]>
              </value>
            </param>
          </params>
          <reporter-output>
          </reporter-output>
        </test-method> <!-- beforeTest -->
        <test-method signature="openManageCompanySetting()[pri:0, instance:Backend_TestCases.ManageCompanySetting@38145825]" started-at="2023-08-31T08:43:19 IST" name="openManageCompanySetting" finished-at="2023-08-31T08:43:27 IST" duration-ms="8160" status="PASS">
          <reporter-output>
          </reporter-output>
        </test-method> <!-- openManageCompanySetting -->
        <test-method is-config="true" signature="beforeMethod(org.testng.ITestContext)[pri:0, instance:Backend_TestCases.ManageCompanySetting@38145825]" started-at="2023-08-31T08:43:19 IST" name="beforeMethod" finished-at="2023-08-31T08:43:19 IST" duration-ms="0" status="PASS">
          <params>
            <param index="0">
              <value>
                <![CDATA[org.testng.TestRunner@49d979c4]]>
              </value>
            </param>
          </params>
          <reporter-output>
          </reporter-output>
        </test-method> <!-- beforeMethod -->
        <test-method is-config="true" signature="beforeMethod(org.testng.ITestContext)[pri:0, instance:Backend_TestCases.ManageCompanySetting@38145825]" started-at="2023-08-31T08:43:27 IST" name="beforeMethod" finished-at="2023-08-31T08:43:27 IST" duration-ms="5" status="PASS">
          <params>
            <param index="0">
              <value>
                <![CDATA[org.testng.TestRunner@49d979c4]]>
              </value>
            </param>
          </params>
          <reporter-output>
          </reporter-output>
        </test-method> <!-- beforeMethod -->
        <test-method signature="createCompany()[pri:0, instance:Backend_TestCases.ManageCompanySetting@38145825]" started-at="2023-08-31T08:43:27 IST" name="createCompany" finished-at="2023-08-31T08:43:40 IST" duration-ms="13119" status="PASS">
          <reporter-output>
          </reporter-output>
        </test-method> <!-- createCompany -->
        <test-method is-config="true" signature="afterTest(org.testng.ITestContext)[pri:0, instance:Backend_TestCases.ManageCompanySetting@38145825]" started-at="2023-08-31T08:43:40 IST" name="afterTest" finished-at="2023-08-31T08:43:41 IST" duration-ms="73" status="PASS">
          <params>
            <param index="0">
              <value>
                <![CDATA[org.testng.TestRunner@49d979c4]]>
              </value>
            </param>
          </params>
          <reporter-output>
          </reporter-output>
        </test-method> <!-- afterTest -->
        <test-method is-config="true" signature="afterSuite(org.testng.ITestContext)[pri:0, instance:Backend_TestCases.ManageCompanySetting@38145825]" started-at="2023-08-31T08:43:41 IST" name="afterSuite" finished-at="2023-08-31T08:43:44 IST" duration-ms="3644" status="PASS">
          <params>
            <param index="0">
              <value>
                <![CDATA[org.testng.TestRunner@49d979c4]]>
              </value>
            </param>
          </params>
          <reporter-output>
          </reporter-output>
        </test-method> <!-- afterSuite -->
      </class> <!-- Backend_TestCases.ManageCompanySetting -->
    </test> <!-- Manage Company Setting -->
  </suite> <!-- Suite -->
</testng-results>
